{
  "stats": {
    "suites": 1,
    "tests": 3,
    "passes": 3,
    "pending": 0,
    "failures": 0,
    "start": "2022-09-30T14:30:50.739Z",
    "end": "2022-09-30T14:31:27.611Z",
    "duration": 36872,
    "testsRegistered": 3,
    "passPercent": 100,
    "pendingPercent": 0,
    "other": 0,
    "hasOther": false,
    "skipped": 0,
    "hasSkipped": false
  },
  "results": [
    {
      "uuid": "94ae454b-227b-4a58-86ba-3432d3e7e195",
      "title": "",
      "fullFile": "cypress/integration/tiqetsHandPickedComb.feature",
      "file": "cypress/integration/tiqetsHandPickedComb.feature",
      "beforeHooks": [],
      "afterHooks": [],
      "tests": [],
      "suites": [
        {
          "uuid": "71a83813-fd4c-4ec3-bc89-29749c3d4401",
          "title": "Hand Picked Combinations",
          "fullFile": "",
          "file": "",
          "beforeHooks": [],
          "afterHooks": [],
          "tests": [
            {
              "title": "Validate the Tiqets home page and Search Procedure",
              "fullTitle": "Hand Picked Combinations Validate the Tiqets home page and Search Procedure",
              "timedOut": null,
              "duration": 14057,
              "state": "passed",
              "speed": "slow",
              "pass": true,
              "fail": false,
              "pending": false,
              "context": null,
              "code": "const state = window.testState;\nreturn cy\n  .then(() => state.onStartScenario(scenario, indexedSteps))\n  .then(() =>\n    resolveAndRunBeforeHooks.call(this, scenario.tags, state.feature.name)\n  )\n  .then(() =>\n    indexedSteps.forEach((step) =>\n      stepTest.call(this, state, step, rowData)\n    )\n  )\n  .then(() => state.onFinishScenario(scenario));",
              "err": {},
              "uuid": "18286dd5-98fc-417d-ab8c-c7a03023c383",
              "parentUUID": "71a83813-fd4c-4ec3-bc89-29749c3d4401",
              "isHook": false,
              "skipped": false
            },
            {
              "title": "Validate Hand-picked Combinations: Basic verification",
              "fullTitle": "Hand Picked Combinations Validate Hand-picked Combinations: Basic verification",
              "timedOut": null,
              "duration": 8291,
              "state": "passed",
              "speed": "medium",
              "pass": true,
              "fail": false,
              "pending": false,
              "context": null,
              "code": "const state = window.testState;\nreturn cy\n  .then(() => state.onStartScenario(scenario, indexedSteps))\n  .then(() =>\n    resolveAndRunBeforeHooks.call(this, scenario.tags, state.feature.name)\n  )\n  .then(() =>\n    indexedSteps.forEach((step) =>\n      stepTest.call(this, state, step, rowData)\n    )\n  )\n  .then(() => state.onFinishScenario(scenario));",
              "err": {},
              "uuid": "3715b06f-6f56-4f42-845b-f7325e988a9b",
              "parentUUID": "71a83813-fd4c-4ec3-bc89-29749c3d4401",
              "isHook": false,
              "skipped": false
            },
            {
              "title": "Validate Hand-picked Combinations: Ticket and Date's flow",
              "fullTitle": "Hand Picked Combinations Validate Hand-picked Combinations: Ticket and Date's flow",
              "timedOut": null,
              "duration": 10056,
              "state": "passed",
              "speed": "slow",
              "pass": true,
              "fail": false,
              "pending": false,
              "context": null,
              "code": "const state = window.testState;\nreturn cy\n  .then(() => state.onStartScenario(scenario, indexedSteps))\n  .then(() =>\n    resolveAndRunBeforeHooks.call(this, scenario.tags, state.feature.name)\n  )\n  .then(() =>\n    indexedSteps.forEach((step) =>\n      stepTest.call(this, state, step, rowData)\n    )\n  )\n  .then(() => state.onFinishScenario(scenario));",
              "err": {},
              "uuid": "9023acaa-7da9-4615-9a7d-a4d42ab1ade5",
              "parentUUID": "71a83813-fd4c-4ec3-bc89-29749c3d4401",
              "isHook": false,
              "skipped": false
            }
          ],
          "suites": [],
          "passes": [
            "18286dd5-98fc-417d-ab8c-c7a03023c383",
            "3715b06f-6f56-4f42-845b-f7325e988a9b",
            "9023acaa-7da9-4615-9a7d-a4d42ab1ade5"
          ],
          "failures": [],
          "pending": [],
          "skipped": [],
          "duration": 32404,
          "root": false,
          "rootEmpty": false,
          "_timeout": 2000
        }
      ],
      "passes": [],
      "failures": [],
      "pending": [],
      "skipped": [],
      "duration": 0,
      "root": true,
      "rootEmpty": true,
      "_timeout": 2000
    }
  ],
  "meta": {
    "mocha": {
      "version": "7.0.1"
    },
    "mochawesome": {
      "options": {
        "quiet": false,
        "reportFilename": "mochawesome",
        "saveHtml": true,
        "saveJson": true,
        "consoleReporter": "spec",
        "useInlineDiffs": false,
        "code": true
      },
      "version": "7.1.3"
    },
    "marge": {
      "options": {
        "overwrite": true,
        "html": true,
        "json": true,
        "charts": true,
        "pretty": true
      },
      "version": "6.2.0"
    }
  }
}